This is pdfTeX, Version 3.141592653-2.6-1.40.24 (MiKTeX 22.3) (preloaded format=pdflatex 2022.6.5)  15 DEC 2022 19:28
entering extended mode
 restricted \write18 enabled.
 %&-line parsing enabled.
**./main.tex
(main.tex
LaTeX2e <2021-11-15> patch level 1
L3 programming layer <2022-05-04>
(D:\Mis Documentos\Programas\Archivos\MikTex\tex/latex/base\article.cls
Document Class: article 2021/10/04 v1.4n Standard LaTeX document class
(D:\Mis Documentos\Programas\Archivos\MikTex\tex/latex/base\size10.clo
File: size10.clo 2021/10/04 v1.4n Standard LaTeX file (size option)
)
\c@part=\count185
\c@section=\count186
\c@subsection=\count187
\c@subsubsection=\count188
\c@paragraph=\count189
\c@subparagraph=\count190
\c@figure=\count191
\c@table=\count192
\abovecaptionskip=\skip47
\belowcaptionskip=\skip48
\bibindent=\dimen138
)
(D:\Mis Documentos\Programas\Archivos\MikTex\tex/latex/base\inputenc.sty
Package: inputenc 2021/02/14 v1.3d Input encoding file
\inpenc@prehook=\toks16
\inpenc@posthook=\toks17
)
(D:\Mis Documentos\Programas\Archivos\MikTex\tex/latex/graphics\graphicx.sty
Package: graphicx 2021/09/16 v1.2d Enhanced LaTeX Graphics (DPC,SPQR)

(D:\Mis Documentos\Programas\Archivos\MikTex\tex/latex/graphics\keyval.sty
Package: keyval 2014/10/28 v1.15 key=value parser (DPC)
\KV@toks@=\toks18
)
(D:\Mis Documentos\Programas\Archivos\MikTex\tex/latex/graphics\graphics.sty
Package: graphics 2021/03/04 v1.4d Standard LaTeX Graphics (DPC,SPQR)

(D:\Mis Documentos\Programas\Archivos\MikTex\tex/latex/graphics\trig.sty
Package: trig 2021/08/11 v1.11 sin cos tan (DPC)
)
(D:\Mis Documentos\Programas\Archivos\MikTex\tex/latex/graphics-cfg\graphics.cf
g
File: graphics.cfg 2016/06/04 v1.11 sample graphics configuration
)
Package graphics Info: Driver file: pdftex.def on input line 107.

(D:\Mis Documentos\Programas\Archivos\MikTex\tex/latex/graphics-def\pdftex.def
File: pdftex.def 2020/10/05 v1.2a Graphics/color driver for pdftex
))
\Gin@req@height=\dimen139
\Gin@req@width=\dimen140
) (D:\Mis Documentos\Programas\Archivos\MikTex\tex/latex/geometry\geometry.sty
Package: geometry 2020/01/02 v5.9 Page Geometry
(D:\Mis Documentos\Programas\Archivos\MikTex\tex/generic/iftex\ifvtex.sty
Package: ifvtex 2019/10/25 v1.7 ifvtex legacy package. Use iftex instead.

(D:\Mis Documentos\Programas\Archivos\MikTex\tex/generic/iftex\iftex.sty
Package: iftex 2022/02/03 v1.0f TeX engine tests
))
\Gm@cnth=\count193
\Gm@cntv=\count194
\c@Gm@tempcnt=\count195
\Gm@bindingoffset=\dimen141
\Gm@wd@mp=\dimen142
\Gm@odd@mp=\dimen143
\Gm@even@mp=\dimen144
\Gm@layoutwidth=\dimen145
\Gm@layoutheight=\dimen146
\Gm@layouthoffset=\dimen147
\Gm@layoutvoffset=\dimen148
\Gm@dimlist=\toks19

(D:\Mis Documentos\Programas\Archivos\MikTex\tex/latex/geometry\geometry.cfg))
(D:\Mis Documentos\Programas\Archivos\MikTex\tex/latex/fancyhdr\fancyhdr.sty
Package: fancyhdr 2022/05/18 v4.0.3 Extensive control of page headers and foote
rs
\f@nch@headwidth=\skip49
\f@nch@O@elh=\skip50
\f@nch@O@erh=\skip51
\f@nch@O@olh=\skip52
\f@nch@O@orh=\skip53
\f@nch@O@elf=\skip54
\f@nch@O@erf=\skip55
\f@nch@O@olf=\skip56
\f@nch@O@orf=\skip57
)
(D:\Mis Documentos\Programas\Archivos\MikTex\tex/latex/lastpage\lastpage.sty
Package: lastpage 2021/09/03 v1.2n Refers to last page's name (HMM; JPG)
)
(D:\Mis Documentos\Programas\Archivos\MikTex\tex/latex/listings\listings.sty
\lst@mode=\count196
\lst@gtempboxa=\box50
\lst@token=\toks20
\lst@length=\count197
\lst@currlwidth=\dimen149
\lst@column=\count198
\lst@pos=\count199
\lst@lostspace=\dimen150
\lst@width=\dimen151
\lst@newlines=\count266
\lst@lineno=\count267
\lst@maxwidth=\dimen152

(D:\Mis Documentos\Programas\Archivos\MikTex\tex/latex/listings\lstmisc.sty
File: lstmisc.sty 2020/03/24 1.8d (Carsten Heinz)
\c@lstnumber=\count268
\lst@skipnumbers=\count269
\lst@framebox=\box51
)
(D:\Mis Documentos\Programas\Archivos\MikTex\tex/latex/listings\listings.cfg
File: listings.cfg 2020/03/24 1.8d listings configuration
))
Package: listings 2020/03/24 1.8d (Carsten Heinz)

(D:\Mis Documentos\Programas\Archivos\MikTex\tex/latex/inconsolata\inconsolata.
sty
Package: inconsolata 2019/05/17 v1.12
 `inconsolata-zi4' v1.12, 2019/05/17 Text macros for Inconsolata (msharpe)
(D:\Mis Documentos\Programas\Archivos\MikTex\tex/latex/base\textcomp.sty
Package: textcomp 2020/02/02 v2.0n Standard LaTeX package
)
(D:\Mis Documentos\Programas\Archivos\MikTex\tex/latex/xkeyval\xkeyval.sty
Package: xkeyval 2020/11/20 v2.8 package option processing (HA)

(D:\Mis Documentos\Programas\Archivos\MikTex\tex/generic/xkeyval\xkeyval.tex
(D:\Mis Documentos\Programas\Archivos\MikTex\tex/generic/xkeyval\xkvutils.tex
\XKV@toks=\toks21
\XKV@tempa@toks=\toks22
)
\XKV@depth=\count270
File: xkeyval.tex 2014/12/03 v2.7a key=value parser (HA)
))
\zifour@ocount=\count271
) (D:\Mis Documentos\Programas\Archivos\MikTex\tex/latex/multirow\multirow.sty
Package: multirow 2021/03/15 v2.8 Span multiple rows of a table
\multirow@colwidth=\skip58
\multirow@cntb=\count272
\multirow@dima=\skip59
\bigstrutjot=\dimen153
) (D:\Mis Documentos\Programas\Archivos\MikTex\tex/latex/tools\array.sty
Package: array 2021/10/04 v2.5f Tabular extension package (FMi)
\col@sep=\dimen154
\ar@mcellbox=\box52
\extrarowheight=\dimen155
\NC@list=\toks23
\extratabsurround=\skip60
\backup@length=\skip61
\ar@cellbox=\box53
)
(D:\Mis Documentos\Programas\Archivos\MikTex\tex/latex/float\float.sty
Package: float 2001/11/08 v1.3d Float enhancements (AL)
\c@float@type=\count273
\float@exts=\toks24
\float@box=\box54
\@float@everytoks=\toks25
\@floatcapt=\box55
)
(D:\Mis Documentos\Programas\Archivos\MikTex\tex/latex/listings\lstlang1.sty
File: lstlang1.sty 2020/03/24 1.8d listings language file
)
*geometry* verbose mode - [ newgeometry ] result:
* driver: 
* paper: <default>
* layout: <same size as paper>
* layoutoffset:(h,v)=(0.0pt,0.0pt)
* modes: 
* h-part:(L,W,R)=(108.405pt, 451.6875pt, 54.2025pt)
* v-part:(T,H,B)=(54.2025pt, 686.56499pt, 54.2025pt)
* \paperwidth=614.295pt
* \paperheight=794.96999pt
* \textwidth=451.6875pt
* \textheight=686.56499pt
* \oddsidemargin=36.13501pt
* \evensidemargin=36.13501pt
* \topmargin=-55.06749pt
* \headheight=12.0pt
* \headsep=25.0pt
* \topskip=10.0pt
* \footskip=30.0pt
* \marginparwidth=65.0pt
* \marginparsep=11.0pt
* \columnsep=10.0pt
* \skip\footins=9.0pt plus 4.0pt minus 2.0pt
* \hoffset=0.0pt
* \voffset=0.0pt
* \mag=1000
* \@twocolumnfalse
* \@twosidefalse
* \@mparswitchfalse
* \@reversemarginfalse
* (1in=72.27pt=25.4mm, 1cm=28.453pt)


(D:\Mis Documentos\Programas\Archivos\MikTex\tex/latex/l3backend\l3backend-pdft
ex.def
File: l3backend-pdftex.def 2022-04-20 L3 backend support: PDF output (pdfTeX)
\l__color_backend_stack_int=\count274
\l__pdf_internal_box=\box56
) (main.aux (1.conceptos_basicos.aux) (2.condicionales_ciclos.aux)
(3.arreglos.aux) (4.poo_clases_objetos.aux)
(5.excepciones_archivos_hilos_listas.aux))
\openout1 = `main.aux'.

LaTeX Font Info:    Checking defaults for OML/cmm/m/it on input line 65.
LaTeX Font Info:    ... okay on input line 65.
LaTeX Font Info:    Checking defaults for OMS/cmsy/m/n on input line 65.
LaTeX Font Info:    ... okay on input line 65.
LaTeX Font Info:    Checking defaults for OT1/cmr/m/n on input line 65.
LaTeX Font Info:    ... okay on input line 65.
LaTeX Font Info:    Checking defaults for T1/cmr/m/n on input line 65.
LaTeX Font Info:    ... okay on input line 65.
LaTeX Font Info:    Checking defaults for TS1/cmr/m/n on input line 65.
LaTeX Font Info:    ... okay on input line 65.
LaTeX Font Info:    Checking defaults for OMX/cmex/m/n on input line 65.
LaTeX Font Info:    ... okay on input line 65.
LaTeX Font Info:    Checking defaults for U/cmr/m/n on input line 65.
LaTeX Font Info:    ... okay on input line 65.

(D:\Mis Documentos\Programas\Archivos\MikTex\tex/context/base/mkii\supp-pdf.mki
i
[Loading MPS to PDF converter (version 2006.09.02).]
\scratchcounter=\count275
\scratchdimen=\dimen156
\scratchbox=\box57
\nofMPsegments=\count276
\nofMParguments=\count277
\everyMPshowfont=\toks26
\MPscratchCnt=\count278
\MPscratchDim=\dimen157
\MPnumerator=\count279
\makeMPintoPDFobject=\count280
\everyMPtoPDFconversion=\toks27
)
(D:\Mis Documentos\Programas\Archivos\MikTex\tex/latex/epstopdf-pkg\epstopdf-ba
se.sty
Package: epstopdf-base 2020-01-24 v2.11 Base part for package epstopdf
Package epstopdf-base Info: Redefining graphics rule for `.eps' on input line 4
85.

(D:\Mis Documentos\Programas\Archivos\MikTex\tex/latex/00miktex\epstopdf-sys.cf
g
File: epstopdf-sys.cfg 2021/03/18 v2.0 Configuration of epstopdf for MiKTeX
))
*geometry* driver: auto-detecting
*geometry* detected driver: pdftex
*geometry* verbose mode - [ preamble ] result:
* driver: pdftex
* paper: <default>
* layout: <same size as paper>
* layoutoffset:(h,v)=(0.0pt,0.0pt)
* modes: 
* h-part:(L,W,R)=(108.405pt, 451.6875pt, 54.2025pt)
* v-part:(T,H,B)=(54.2025pt, 686.56499pt, 54.2025pt)
* \paperwidth=614.295pt
* \paperheight=794.96999pt
* \textwidth=451.6875pt
* \textheight=686.56499pt
* \oddsidemargin=36.13501pt
* \evensidemargin=36.13501pt
* \topmargin=-55.06749pt
* \headheight=12.0pt
* \headsep=25.0pt
* \topskip=10.0pt
* \footskip=30.0pt
* \marginparwidth=65.0pt
* \marginparsep=11.0pt
* \columnsep=10.0pt
* \skip\footins=9.0pt plus 4.0pt minus 2.0pt
* \hoffset=0.0pt
* \voffset=0.0pt
* \mag=1000
* \@twocolumnfalse
* \@twosidefalse
* \@mparswitchfalse
* \@reversemarginfalse
* (1in=72.27pt=25.4mm, 1cm=28.453pt)

Package lastpage Info: Please have a look at the pageslts package at
(lastpage)             https://www.ctan.org/pkg/pageslts
(lastpage)             ! on input line 65.
\c@lstlisting=\count281
(D:\Mis Documentos\Programas\Archivos\MikTex\tex/latex/upquote\upquote.sty
Package: upquote 2012/04/19 v1.3 upright-quote and grave-accent glyphs in verba
tim
)
LaTeX Font Info:    External font `cmex10' loaded for size
(Font)              <12> on input line 74.
LaTeX Font Info:    External font `cmex10' loaded for size
(Font)              <8> on input line 74.
LaTeX Font Info:    External font `cmex10' loaded for size
(Font)              <6> on input line 74.

[1


{C:/Users/DELL/AppData/Local/MiKTeX/fonts/map/pdftex/pdftex.map}] (main.toc
LaTeX Font Info:    External font `cmex10' loaded for size
(Font)              <7> on input line 5.
LaTeX Font Info:    External font `cmex10' loaded for size
(Font)              <5> on input line 5.

[2])
\tf@toc=\write3
\openout3 = `main.toc'.

 [3]
\openout2 = `1.conceptos_basicos.aux'.

 (1.conceptos_basicos.tex
LaTeX Font Info:    Trying to load font information for OMS+cmr on input line 1
3.

(D:\Mis Documentos\Programas\Archivos\MikTex\tex/latex/base\omscmr.fd
File: omscmr.fd 2019/12/16 v2.5j Standard LaTeX font definitions
)
LaTeX Font Info:    Font shape `OMS/cmr/bx/n' in size <10> not available
(Font)              Font shape `OMS/cmsy/b/n' tried instead on input line 13.
LaTeX Font Info:    Trying to load font information for OT1+zi4 on input line 1
7.

(D:\Mis Documentos\Programas\Archivos\MikTex\tex/latex/inconsolata\ot1zi4.fd
File: ot1zi4.fd 2018/01/14 OT1/zi4 (Inconsolata)
)
LaTeX Font Info:    Font shape `OT1/zi4/m/n' will be
(Font)              scaled to size 10.0pt on input line 17.
LaTeX Font Info:    Font shape `OT1/zi4/b/n' will be
(Font)              scaled to size 10.0pt on input line 18.
LaTeX Font Info:    Font shape `OMS/cmr/m/it' in size <10> not available
(Font)              Font shape `OMS/cmsy/m/n' tried instead on input line 52.

[4

] [5]

LaTeX Font Warning: Font shape `OT1/zi4/m/it' undefined
(Font)              using `OT1/zi4/m/n' instead on input line 180.

LaTeX Font Info:    Font shape `OT1/zi4/m/it' will be
(Font)              scaled to size 10.0pt on input line 180.
[6] [7] [8] [9]) [10]
\openout2 = `2.condicionales_ciclos.aux'.

 (2.condicionales_ciclos.tex [11



] [12] [13] [14]) [15]
[16]
\openout2 = `3.arreglos.aux'.

 (3.arreglos.tex [17



]) [18]
\openout2 = `4.poo_clases_objetos.aux'.

 (4.poo_clases_objetos.tex [19



] [20] [21]
[22] [23] [24] [25] [26] [27]
Overfull \hbox (4.03552pt too wide) in paragraph at lines 491--492
[]\OT1/cmr/m/n/10 El nom-bre del mismo debe ser igual al orig-i-nal y el mod-i-
fi-cador de ac-ceso de la funci^^Son/procedimiento
 []

[28] [29] [30] [31] [32] [33] [34] [35] [36]) [37]
\openout2 = `5.excepciones_archivos_hilos_listas.aux'.


(5.excepciones_archivos_hilos_listas.tex [38



] [39] [40] [41] [42] [43]
LaTeX Font Info:    Font shape `OMS/cmr/m/n' in size <10> not available
(Font)              Font shape `OMS/cmsy/m/n' tried instead on input line 345.
 [44]
[45] [46] [47] [48] [49]) [50] 
AED: lastpage setting LastPage
(main.aux (1.conceptos_basicos.aux) (2.condicionales_ciclos.aux)
(3.arreglos.aux) (4.poo_clases_objetos.aux)
(5.excepciones_archivos_hilos_listas.aux))

LaTeX Font Warning: Some font shapes were not available, defaults substituted.

 ) 
Here is how much of TeX's memory you used:
 4900 strings out of 478614
 80364 string characters out of 2843561
 844238 words of memory out of 3000000
 22969 multiletter control sequences out of 15000+600000
 475581 words of font info for 49 fonts, out of 8000000 for 9000
 1141 hyphenation exceptions out of 8191
 55i,12n,72p,1045b,1777s stack positions out of 10000i,1000n,20000p,200000b,80000s
{D:/Mis Documentos/Programas/Archivos/MikTex/fonts/enc/dvips/inconsolata/i4-o
t1-0.enc} <C:\Users\DELL\AppData\Local\MiKTeX\fonts/pk/ljfour/jknappen/ec/dpi60
0\tcrm1000.pk><D:/Mis Documentos/Programas/Archivos/MikTex/fonts/type1/public/i
nconsolata/Inconsolata-zi4b.pfb><D:/Mis Documentos/Programas/Archivos/MikTex/fo
nts/type1/public/inconsolata/Inconsolata-zi4r.pfb><D:/Mis Documentos/Programas/
Archivos/MikTex/fonts/type1/public/amsfonts/cm/cmbsy10.pfb><D:/Mis Documentos/P
rogramas/Archivos/MikTex/fonts/type1/public/amsfonts/cm/cmbx10.pfb><D:/Mis Docu
mentos/Programas/Archivos/MikTex/fonts/type1/public/amsfonts/cm/cmbx12.pfb><D:/
Mis Documentos/Programas/Archivos/MikTex/fonts/type1/public/amsfonts/cm/cmbxti1
0.pfb><D:/Mis Documentos/Programas/Archivos/MikTex/fonts/type1/public/amsfonts/
cm/cmmi10.pfb><D:/Mis Documentos/Programas/Archivos/MikTex/fonts/type1/public/a
msfonts/cm/cmr10.pfb><D:/Mis Documentos/Programas/Archivos/MikTex/fonts/type1/p
ublic/amsfonts/cm/cmr12.pfb><D:/Mis Documentos/Programas/Archivos/MikTex/fonts/
type1/public/amsfonts/cm/cmr17.pfb><D:/Mis Documentos/Programas/Archivos/MikTex
/fonts/type1/public/amsfonts/cm/cmsy10.pfb><D:/Mis Documentos/Programas/Archivo
s/MikTex/fonts/type1/public/amsfonts/cm/cmti10.pfb>
Output written on main.pdf (50 pages, 330635 bytes).
PDF statistics:
 230 PDF objects out of 1000 (max. 8388607)
 0 named destinations out of 1000 (max. 500000)
 1 words of extra memory for PDF output out of 10000 (max. 10000000)

