This is pdfTeX, Version 3.141592653-2.6-1.40.24 (MiKTeX 22.3) (preloaded format=pdflatex 2022.6.5)  15 DEC 2022 20:32
entering extended mode
 restricted \write18 enabled.
 %&-line parsing enabled.
**./main.tex
(main.tex
LaTeX2e <2021-11-15> patch level 1
L3 programming layer <2022-05-04>
(D:\Mis Documentos\Programas\Archivos\MikTex\tex/latex/base\article.cls
Document Class: article 2021/10/04 v1.4n Standard LaTeX document class
(D:\Mis Documentos\Programas\Archivos\MikTex\tex/latex/base\size10.clo
File: size10.clo 2021/10/04 v1.4n Standard LaTeX file (size option)
)
\c@part=\count185
\c@section=\count186
\c@subsection=\count187
\c@subsubsection=\count188
\c@paragraph=\count189
\c@subparagraph=\count190
\c@figure=\count191
\c@table=\count192
\abovecaptionskip=\skip47
\belowcaptionskip=\skip48
\bibindent=\dimen138
)
(D:\Mis Documentos\Programas\Archivos\MikTex\tex/latex/base\inputenc.sty
Package: inputenc 2021/02/14 v1.3d Input encoding file
\inpenc@prehook=\toks16
\inpenc@posthook=\toks17
)
(D:\Mis Documentos\Programas\Archivos\MikTex\tex/latex/amsmath\amsmath.sty
Package: amsmath 2021/10/15 v2.17l AMS math features
\@mathmargin=\skip49

For additional information on amsmath, use the `?' option.
(D:\Mis Documentos\Programas\Archivos\MikTex\tex/latex/amsmath\amstext.sty
Package: amstext 2021/08/26 v2.01 AMS text

(D:\Mis Documentos\Programas\Archivos\MikTex\tex/latex/amsmath\amsgen.sty
File: amsgen.sty 1999/11/30 v2.0 generic functions
\@emptytoks=\toks18
\ex@=\dimen139
))
(D:\Mis Documentos\Programas\Archivos\MikTex\tex/latex/amsmath\amsbsy.sty
Package: amsbsy 1999/11/29 v1.2d Bold Symbols
\pmbraise@=\dimen140
)
(D:\Mis Documentos\Programas\Archivos\MikTex\tex/latex/amsmath\amsopn.sty
Package: amsopn 2021/08/26 v2.02 operator names
)
\inf@bad=\count193
LaTeX Info: Redefining \frac on input line 234.
\uproot@=\count194
\leftroot@=\count195
LaTeX Info: Redefining \overline on input line 399.
\classnum@=\count196
\DOTSCASE@=\count197
LaTeX Info: Redefining \ldots on input line 496.
LaTeX Info: Redefining \dots on input line 499.
LaTeX Info: Redefining \cdots on input line 620.
\Mathstrutbox@=\box50
\strutbox@=\box51
\big@size=\dimen141
LaTeX Font Info:    Redeclaring font encoding OML on input line 743.
LaTeX Font Info:    Redeclaring font encoding OMS on input line 744.
\macc@depth=\count198
\c@MaxMatrixCols=\count199
\dotsspace@=\muskip16
\c@parentequation=\count266
\dspbrk@lvl=\count267
\tag@help=\toks19
\row@=\count268
\column@=\count269
\maxfields@=\count270
\andhelp@=\toks20
\eqnshift@=\dimen142
\alignsep@=\dimen143
\tagshift@=\dimen144
\tagwidth@=\dimen145
\totwidth@=\dimen146
\lineht@=\dimen147
\@envbody=\toks21
\multlinegap=\skip50
\multlinetaggap=\skip51
\mathdisplay@stack=\toks22
LaTeX Info: Redefining \[ on input line 2938.
LaTeX Info: Redefining \] on input line 2939.
)
(D:\Mis Documentos\Programas\Archivos\MikTex\tex/latex/amscls\amsthm.sty
Package: amsthm 2020/05/29 v2.20.6
\thm@style=\toks23
\thm@bodyfont=\toks24
\thm@headfont=\toks25
\thm@notefont=\toks26
\thm@headpunct=\toks27
\thm@preskip=\skip52
\thm@postskip=\skip53
\thm@headsep=\skip54
\dth@everypar=\toks28
)
(D:\Mis Documentos\Programas\Archivos\MikTex\tex/latex/amsfonts\amsfonts.sty
Package: amsfonts 2013/01/14 v3.01 Basic AMSFonts support
\symAMSa=\mathgroup4
\symAMSb=\mathgroup5
LaTeX Font Info:    Redeclaring math symbol \hbar on input line 98.
LaTeX Font Info:    Overwriting math alphabet `\mathfrak' in version `bold'
(Font)                  U/euf/m/n --> U/euf/b/n on input line 106.
)
(D:\Mis Documentos\Programas\Archivos\MikTex\tex/latex/mathtools\mathtools.sty
Package: mathtools 2022/02/07 v1.28a mathematical typesetting tools

(D:\Mis Documentos\Programas\Archivos\MikTex\tex/latex/graphics\keyval.sty
Package: keyval 2014/10/28 v1.15 key=value parser (DPC)
\KV@toks@=\toks29
)
(D:\Mis Documentos\Programas\Archivos\MikTex\tex/latex/tools\calc.sty
Package: calc 2017/05/25 v4.3 Infix arithmetic (KKT,FJ)
\calc@Acount=\count271
\calc@Bcount=\count272
\calc@Adimen=\dimen148
\calc@Bdimen=\dimen149
\calc@Askip=\skip55
\calc@Bskip=\skip56
LaTeX Info: Redefining \setlength on input line 80.
LaTeX Info: Redefining \addtolength on input line 81.
\calc@Ccount=\count273
\calc@Cskip=\skip57
)
(D:\Mis Documentos\Programas\Archivos\MikTex\tex/latex/mathtools\mhsetup.sty
Package: mhsetup 2021/03/18 v1.4 programming setup (MH)
)
\g_MT_multlinerow_int=\count274
\l_MT_multwidth_dim=\dimen150
\origjot=\skip58
\l_MT_shortvdotswithinadjustabove_dim=\dimen151
\l_MT_shortvdotswithinadjustbelow_dim=\dimen152
\l_MT_above_intertext_sep=\dimen153
\l_MT_below_intertext_sep=\dimen154
\l_MT_above_shortintertext_sep=\dimen155
\l_MT_below_shortintertext_sep=\dimen156
\xmathstrut@box=\box52
\xmathstrut@dim=\dimen157
)
(D:\Mis Documentos\Programas\Archivos\MikTex\tex/latex/graphics\graphicx.sty
Package: graphicx 2021/09/16 v1.2d Enhanced LaTeX Graphics (DPC,SPQR)

(D:\Mis Documentos\Programas\Archivos\MikTex\tex/latex/graphics\graphics.sty
Package: graphics 2021/03/04 v1.4d Standard LaTeX Graphics (DPC,SPQR)

(D:\Mis Documentos\Programas\Archivos\MikTex\tex/latex/graphics\trig.sty
Package: trig 2021/08/11 v1.11 sin cos tan (DPC)
)
(D:\Mis Documentos\Programas\Archivos\MikTex\tex/latex/graphics-cfg\graphics.cf
g
File: graphics.cfg 2016/06/04 v1.11 sample graphics configuration
)
Package graphics Info: Driver file: pdftex.def on input line 107.

(D:\Mis Documentos\Programas\Archivos\MikTex\tex/latex/graphics-def\pdftex.def
File: pdftex.def 2020/10/05 v1.2a Graphics/color driver for pdftex
))
\Gin@req@height=\dimen158
\Gin@req@width=\dimen159
) (D:\Mis Documentos\Programas\Archivos\MikTex\tex/latex/geometry\geometry.sty
Package: geometry 2020/01/02 v5.9 Page Geometry
(D:\Mis Documentos\Programas\Archivos\MikTex\tex/generic/iftex\ifvtex.sty
Package: ifvtex 2019/10/25 v1.7 ifvtex legacy package. Use iftex instead.

(D:\Mis Documentos\Programas\Archivos\MikTex\tex/generic/iftex\iftex.sty
Package: iftex 2022/02/03 v1.0f TeX engine tests
))
\Gm@cnth=\count275
\Gm@cntv=\count276
\c@Gm@tempcnt=\count277
\Gm@bindingoffset=\dimen160
\Gm@wd@mp=\dimen161
\Gm@odd@mp=\dimen162
\Gm@even@mp=\dimen163
\Gm@layoutwidth=\dimen164
\Gm@layoutheight=\dimen165
\Gm@layouthoffset=\dimen166
\Gm@layoutvoffset=\dimen167
\Gm@dimlist=\toks30

(D:\Mis Documentos\Programas\Archivos\MikTex\tex/latex/geometry\geometry.cfg))
(D:\Mis Documentos\Programas\Archivos\MikTex\tex/latex/fancyhdr\fancyhdr.sty
Package: fancyhdr 2022/05/18 v4.0.3 Extensive control of page headers and foote
rs
\f@nch@headwidth=\skip59
\f@nch@O@elh=\skip60
\f@nch@O@erh=\skip61
\f@nch@O@olh=\skip62
\f@nch@O@orh=\skip63
\f@nch@O@elf=\skip64
\f@nch@O@erf=\skip65
\f@nch@O@olf=\skip66
\f@nch@O@orf=\skip67
)
(D:\Mis Documentos\Programas\Archivos\MikTex\tex/latex/lastpage\lastpage.sty
Package: lastpage 2021/09/03 v1.2n Refers to last page's name (HMM; JPG)
)
(D:\Mis Documentos\Programas\Archivos\MikTex\tex/latex/listings\listings.sty
\lst@mode=\count278
\lst@gtempboxa=\box53
\lst@token=\toks31
\lst@length=\count279
\lst@currlwidth=\dimen168
\lst@column=\count280
\lst@pos=\count281
\lst@lostspace=\dimen169
\lst@width=\dimen170
\lst@newlines=\count282
\lst@lineno=\count283
\lst@maxwidth=\dimen171

(D:\Mis Documentos\Programas\Archivos\MikTex\tex/latex/listings\lstmisc.sty
File: lstmisc.sty 2020/03/24 1.8d (Carsten Heinz)
\c@lstnumber=\count284
\lst@skipnumbers=\count285
\lst@framebox=\box54
)
(D:\Mis Documentos\Programas\Archivos\MikTex\tex/latex/listings\listings.cfg
File: listings.cfg 2020/03/24 1.8d listings configuration
))
Package: listings 2020/03/24 1.8d (Carsten Heinz)

(D:\Mis Documentos\Programas\Archivos\MikTex\tex/latex/inconsolata\inconsolata.
sty
Package: inconsolata 2019/05/17 v1.12
 `inconsolata-zi4' v1.12, 2019/05/17 Text macros for Inconsolata (msharpe)
(D:\Mis Documentos\Programas\Archivos\MikTex\tex/latex/base\textcomp.sty
Package: textcomp 2020/02/02 v2.0n Standard LaTeX package
)
(D:\Mis Documentos\Programas\Archivos\MikTex\tex/latex/xkeyval\xkeyval.sty
Package: xkeyval 2020/11/20 v2.8 package option processing (HA)

(D:\Mis Documentos\Programas\Archivos\MikTex\tex/generic/xkeyval\xkeyval.tex
(D:\Mis Documentos\Programas\Archivos\MikTex\tex/generic/xkeyval\xkvutils.tex
\XKV@toks=\toks32
\XKV@tempa@toks=\toks33
)
\XKV@depth=\count286
File: xkeyval.tex 2014/12/03 v2.7a key=value parser (HA)
))
\zifour@ocount=\count287
) (D:\Mis Documentos\Programas\Archivos\MikTex\tex/latex/multirow\multirow.sty
Package: multirow 2021/03/15 v2.8 Span multiple rows of a table
\multirow@colwidth=\skip68
\multirow@cntb=\count288
\multirow@dima=\skip69
\bigstrutjot=\dimen172
) (D:\Mis Documentos\Programas\Archivos\MikTex\tex/latex/tools\array.sty
Package: array 2021/10/04 v2.5f Tabular extension package (FMi)
\col@sep=\dimen173
\ar@mcellbox=\box55
\extrarowheight=\dimen174
\NC@list=\toks34
\extratabsurround=\skip70
\backup@length=\skip71
\ar@cellbox=\box56
)
(D:\Mis Documentos\Programas\Archivos\MikTex\tex/latex/float\float.sty
Package: float 2001/11/08 v1.3d Float enhancements (AL)
\c@float@type=\count289
\float@exts=\toks35
\float@box=\box57
\@float@everytoks=\toks36
\@floatcapt=\box58
)
(D:\Mis Documentos\Programas\Archivos\MikTex\tex/latex/listings\lstlang1.sty
File: lstlang1.sty 2020/03/24 1.8d listings language file
)
*geometry* verbose mode - [ newgeometry ] result:
* driver: 
* paper: <default>
* layout: <same size as paper>
* layoutoffset:(h,v)=(0.0pt,0.0pt)
* modes: 
* h-part:(L,W,R)=(108.405pt, 451.6875pt, 54.2025pt)
* v-part:(T,H,B)=(54.2025pt, 686.56499pt, 54.2025pt)
* \paperwidth=614.295pt
* \paperheight=794.96999pt
* \textwidth=451.6875pt
* \textheight=686.56499pt
* \oddsidemargin=36.13501pt
* \evensidemargin=36.13501pt
* \topmargin=-55.06749pt
* \headheight=12.0pt
* \headsep=25.0pt
* \topskip=10.0pt
* \footskip=30.0pt
* \marginparwidth=65.0pt
* \marginparsep=11.0pt
* \columnsep=10.0pt
* \skip\footins=9.0pt plus 4.0pt minus 2.0pt
* \hoffset=0.0pt
* \voffset=0.0pt
* \mag=1000
* \@twocolumnfalse
* \@twosidefalse
* \@mparswitchfalse
* \@reversemarginfalse
* (1in=72.27pt=25.4mm, 1cm=28.453pt)


(D:\Mis Documentos\Programas\Archivos\MikTex\tex/latex/l3backend\l3backend-pdft
ex.def
File: l3backend-pdftex.def 2022-04-20 L3 backend support: PDF output (pdfTeX)
\l__color_backend_stack_int=\count290
\l__pdf_internal_box=\box59
) (main.aux (1.conceptos_basicos.aux) (2.condicionales_ciclos.aux)
(3.colecciones_datos.aux) (4.funciones.aux) (5.poo_excepciones_archivos.aux))
\openout1 = `main.aux'.

LaTeX Font Info:    Checking defaults for OML/cmm/m/it on input line 66.
LaTeX Font Info:    ... okay on input line 66.
LaTeX Font Info:    Checking defaults for OMS/cmsy/m/n on input line 66.
LaTeX Font Info:    ... okay on input line 66.
LaTeX Font Info:    Checking defaults for OT1/cmr/m/n on input line 66.
LaTeX Font Info:    ... okay on input line 66.
LaTeX Font Info:    Checking defaults for T1/cmr/m/n on input line 66.
LaTeX Font Info:    ... okay on input line 66.
LaTeX Font Info:    Checking defaults for TS1/cmr/m/n on input line 66.
LaTeX Font Info:    ... okay on input line 66.
LaTeX Font Info:    Checking defaults for OMX/cmex/m/n on input line 66.
LaTeX Font Info:    ... okay on input line 66.
LaTeX Font Info:    Checking defaults for U/cmr/m/n on input line 66.
LaTeX Font Info:    ... okay on input line 66.

(D:\Mis Documentos\Programas\Archivos\MikTex\tex/context/base/mkii\supp-pdf.mki
i
[Loading MPS to PDF converter (version 2006.09.02).]
\scratchcounter=\count291
\scratchdimen=\dimen175
\scratchbox=\box60
\nofMPsegments=\count292
\nofMParguments=\count293
\everyMPshowfont=\toks37
\MPscratchCnt=\count294
\MPscratchDim=\dimen176
\MPnumerator=\count295
\makeMPintoPDFobject=\count296
\everyMPtoPDFconversion=\toks38
)
(D:\Mis Documentos\Programas\Archivos\MikTex\tex/latex/epstopdf-pkg\epstopdf-ba
se.sty
Package: epstopdf-base 2020-01-24 v2.11 Base part for package epstopdf
Package epstopdf-base Info: Redefining graphics rule for `.eps' on input line 4
85.

(D:\Mis Documentos\Programas\Archivos\MikTex\tex/latex/00miktex\epstopdf-sys.cf
g
File: epstopdf-sys.cfg 2021/03/18 v2.0 Configuration of epstopdf for MiKTeX
))
*geometry* driver: auto-detecting
*geometry* detected driver: pdftex
*geometry* verbose mode - [ preamble ] result:
* driver: pdftex
* paper: <default>
* layout: <same size as paper>
* layoutoffset:(h,v)=(0.0pt,0.0pt)
* modes: 
* h-part:(L,W,R)=(108.405pt, 451.6875pt, 54.2025pt)
* v-part:(T,H,B)=(54.2025pt, 686.56499pt, 54.2025pt)
* \paperwidth=614.295pt
* \paperheight=794.96999pt
* \textwidth=451.6875pt
* \textheight=686.56499pt
* \oddsidemargin=36.13501pt
* \evensidemargin=36.13501pt
* \topmargin=-55.06749pt
* \headheight=12.0pt
* \headsep=25.0pt
* \topskip=10.0pt
* \footskip=30.0pt
* \marginparwidth=65.0pt
* \marginparsep=11.0pt
* \columnsep=10.0pt
* \skip\footins=9.0pt plus 4.0pt minus 2.0pt
* \hoffset=0.0pt
* \voffset=0.0pt
* \mag=1000
* \@twocolumnfalse
* \@twosidefalse
* \@mparswitchfalse
* \@reversemarginfalse
* (1in=72.27pt=25.4mm, 1cm=28.453pt)

Package lastpage Info: Please have a look at the pageslts package at
(lastpage)             https://www.ctan.org/pkg/pageslts
(lastpage)             ! on input line 66.
\c@lstlisting=\count297
(D:\Mis Documentos\Programas\Archivos\MikTex\tex/latex/upquote\upquote.sty
Package: upquote 2012/04/19 v1.3 upright-quote and grave-accent glyphs in verba
tim
)
LaTeX Font Info:    Trying to load font information for U+msa on input line 75.


(D:\Mis Documentos\Programas\Archivos\MikTex\tex/latex/amsfonts\umsa.fd
File: umsa.fd 2013/01/14 v3.01 AMS symbols A
)
LaTeX Font Info:    Trying to load font information for U+msb on input line 75.


(D:\Mis Documentos\Programas\Archivos\MikTex\tex/latex/amsfonts\umsb.fd
File: umsb.fd 2013/01/14 v3.01 AMS symbols B
)
[1


{C:/Users/DELL/AppData/Local/MiKTeX/fonts/map/pdftex/pdftex.map}] (main.toc
[2])
\tf@toc=\write3
\openout3 = `main.toc'.

 [3] (main.lot)
\tf@lot=\write4
\openout4 = `main.lot'.

 [4]
\openout2 = `1.conceptos_basicos.aux'.

 (1.conceptos_basicos.tex
LaTeX Font Info:    Trying to load font information for OMS+cmr on input line 4
5.

(D:\Mis Documentos\Programas\Archivos\MikTex\tex/latex/base\omscmr.fd
File: omscmr.fd 2019/12/16 v2.5j Standard LaTeX font definitions
)
LaTeX Font Info:    Font shape `OMS/cmr/bx/n' in size <10> not available
(Font)              Font shape `OMS/cmsy/b/n' tried instead on input line 45.
 [5

]
LaTeX Font Info:    Font shape `OMS/cmr/m/n' in size <10> not available
(Font)              Font shape `OMS/cmsy/m/n' tried instead on input line 106.
LaTeX Font Info:    Trying to load font information for OT1+zi4 on input line 1
15.

(D:\Mis Documentos\Programas\Archivos\MikTex\tex/latex/inconsolata\ot1zi4.fd
File: ot1zi4.fd 2018/01/14 OT1/zi4 (Inconsolata)
)
LaTeX Font Info:    Font shape `OT1/zi4/m/n' will be
(Font)              scaled to size 10.0pt on input line 115.


LaTeX Font Warning: Font shape `OT1/zi4/m/it' undefined
(Font)              using `OT1/zi4/m/n' instead on input line 116.

LaTeX Font Info:    Font shape `OT1/zi4/m/it' will be
(Font)              scaled to size 10.0pt on input line 116.
LaTeX Font Info:    Font shape `OT1/zi4/b/n' will be
(Font)              scaled to size 10.0pt on input line 117.
[6]
Underfull \hbox (badness 10000) in paragraph at lines 157--158
[]|\OT1/cmr/m/n/10 print("\OMS/cmsy/m/n/10 f\OT1/cmr/m/n/10 0\OMS/cmsy/m/n/10 g

 []


Underfull \hbox (badness 10000) in paragraph at lines 157--158
\OMS/cmsy/m/n/10 f\OT1/cmr/m/n/10 1\OMS/cmsy/m/n/10 g\OT1/cmr/m/n/10 ".format("
hola",
 []


Underfull \hbox (badness 10000) in paragraph at lines 159--159
[]|\OT1/cmr/bx/n/10 split(car^^Sacter sep-a-
 []


Underfull \hbox (badness 1622) in paragraph at lines 159--159
[]|\OT1/cmr/m/n/10 Separa una ca-dena uti-
 []


Underfull \hbox (badness 10000) in paragraph at lines 159--159
\OT1/cmr/m/n/10 lizando un car^^Sacter
 []


Underfull \hbox (badness 2521) in paragraph at lines 159--159
\OT1/cmr/m/n/10 sep-a-rador (por ejem-plo:
 []


Underfull \hbox (badness 10000) in paragraph at lines 159--159
\OT1/cmr/m/n/10 sep-a-radores, obten-emos
 []


Underfull \hbox (badness 10000) in paragraph at lines 160--161
[]|\OT1/cmr/m/n/10 str = "hola mundo"
 []


Underfull \hbox (badness 10000) in paragraph at lines 160--161
\OT1/cmr/m/n/10 print(str.replace("hola",
 []


Underfull \hbox (badness 10000) in paragraph at lines 161--161
[]|\OT1/cmr/m/n/10 Pasa una ca-dena a
 []


Underfull \hbox (badness 10000) in paragraph at lines 161--162
[]|\OT1/cmr/m/n/10 print("hola
 []


Underfull \hbox (badness 10000) in paragraph at lines 162--162
[]|\OT1/cmr/m/n/10 Pasa una ca-dena a
 []


Underfull \hbox (badness 10000) in paragraph at lines 162--163
[]|\OT1/cmr/m/n/10 print("HOLA
 []


Underfull \hbox (badness 7981) in paragraph at lines 163--163
\OT1/cmr/m/n/10 car^^Sacter donde lo en-
 []

[7]
Underfull \hbox (badness 10000) in paragraph at lines 182--183

 []

[8] [9] [10]) [11]
\openout2 = `2.condicionales_ciclos.aux'.

 (2.condicionales_ciclos.tex [12



] [13]) [14]
\openout2 = `3.colecciones_datos.aux'.


(3.colecciones_datos.tex [15



]
Underfull \hbox (badness 10000) in paragraph at lines 83--83
[]|\OT1/cmr/m/n/10 Operaciones ar-itm^^Seticas
 []


Underfull \hbox (badness 10000) in paragraph at lines 83--83
[]|\OT1/cmr/m/n/10 Puedes sumar, mul-ti-
 []


Underfull \hbox (badness 1527) in paragraph at lines 83--83
\OT1/cmr/m/n/10 plicar, restar, di-vidir u
 []


Underfull \hbox (badness 1931) in paragraph at lines 83--83
\OT1/cmr/m/n/10 di-visi^^Son en-tre el-e-men-tos
 []


Underfull \hbox (badness 3884) in paragraph at lines 83--83
\OT1/cmr/m/n/10 de una misma lista o
 []


Underfull \hbox (badness 1117) in paragraph at lines 85--86
[]|\OT1/cmr/m/n/10 n = [1, 3, 5] if (7 in
 []


Underfull \hbox (badness 1137) in paragraph at lines 85--86
\OT1/cmr/m/n/10 n): print("Encontrado")
 []


Underfull \hbox (badness 3590) in paragraph at lines 85--86
\OT1/cmr/m/n/10 else: print("No en-con-
 []


Underfull \hbox (badness 1072) in paragraph at lines 86--86
\OT1/cmr/m/n/10 no ex-iste, en caso con-
 []


Underfull \hbox (badness 4995) in paragraph at lines 86--87
\OT1/cmr/m/n/10 print("No ex-iste") else:
 []


Underfull \hbox (badness 10000) in paragraph at lines 86--87
\OT1/cmr/m/n/10 print("Existe") print(1
 []


Underfull \hbox (badness 10000) in paragraph at lines 105--105
[]|\OT1/cmr/bx/n/10 insert(^^S^^Pndice, el-e-
 []

[16] [17] [18] [19] [20] [21]
Underfull \hbox (badness 10000) in paragraph at lines 405--405
[]|\OT1/cmr/bx/n/10 symmetric dif-fer-ence
 []

[22]) [23]
\openout2 = `4.funciones.aux'.

 (4.funciones.tex [24



] [25] [26] [27] [28] [29] [30]) [31]
\openout2 = `5.poo_excepciones_archivos.aux'.


(5.poo_excepciones_archivos.tex [32



] [33] [34] [35] [36] [37] [38] [39]
[40] [41] [42]) [43] 
AED: lastpage setting LastPage
(main.aux (1.conceptos_basicos.aux) (2.condicionales_ciclos.aux)
(3.colecciones_datos.aux) (4.funciones.aux) (5.poo_excepciones_archivos.aux))

LaTeX Font Warning: Some font shapes were not available, defaults substituted.

 ) 
Here is how much of TeX's memory you used:
 6455 strings out of 478614
 105013 string characters out of 2843561
 786588 words of memory out of 3000000
 24474 multiletter control sequences out of 15000+600000
 478471 words of font info for 64 fonts, out of 8000000 for 9000
 1141 hyphenation exceptions out of 8191
 55i,12n,72p,1113b,1851s stack positions out of 10000i,1000n,20000p,200000b,80000s
{D:/Mis Documentos/Programas/Archivos/MikTex/fonts/enc/dvips/inconsolata/i4-o
t1-0.enc} <C:\Users\DELL\AppData\Local\MiKTeX\fonts/pk/ljfour/jknappen/ec/dpi60
0\tcrm1000.pk><D:/Mis Documentos/Programas/Archivos/MikTex/fonts/type1/public/i
nconsolata/Inconsolata-zi4b.pfb><D:/Mis Documentos/Programas/Archivos/MikTex/fo
nts/type1/public/inconsolata/Inconsolata-zi4r.pfb><D:/Mis Documentos/Programas/
Archivos/MikTex/fonts/type1/public/amsfonts/cm/cmbsy10.pfb><D:/Mis Documentos/P
rogramas/Archivos/MikTex/fonts/type1/public/amsfonts/cm/cmbx10.pfb><D:/Mis Docu
mentos/Programas/Archivos/MikTex/fonts/type1/public/amsfonts/cm/cmbx12.pfb><D:/
Mis Documentos/Programas/Archivos/MikTex/fonts/type1/public/amsfonts/cm/cmmi10.
pfb><D:/Mis Documentos/Programas/Archivos/MikTex/fonts/type1/public/amsfonts/cm
/cmr10.pfb><D:/Mis Documentos/Programas/Archivos/MikTex/fonts/type1/public/amsf
onts/cm/cmr12.pfb><D:/Mis Documentos/Programas/Archivos/MikTex/fonts/type1/publ
ic/amsfonts/cm/cmr17.pfb><D:/Mis Documentos/Programas/Archivos/MikTex/fonts/typ
e1/public/amsfonts/cm/cmsy10.pfb><D:/Mis Documentos/Programas/Archivos/MikTex/f
onts/type1/public/amsfonts/cm/cmti10.pfb>
Output written on main.pdf (43 pages, 291504 bytes).
PDF statistics:
 203 PDF objects out of 1000 (max. 8388607)
 0 named destinations out of 1000 (max. 500000)
 1 words of extra memory for PDF output out of 10000 (max. 10000000)

